<?xml version="1.0" encoding="UTF-8"?>
<!-- Generated by org.testng.reporters.JUnitXMLReporter -->
<testsuite hostname="DESKTOP-6UF45NS" ignored="0" name="TestNG Parallel Chrome Tests in Tests Level" tests="2" failures="0" timestamp="10 Apr 2020 10:06:50 GMT" time="41.65" errors="0">
  <testcase name="chromeTest2" time="38.984" classname="ParallelExecutionTests.ChromeTest2"/>
  <testcase name="chromeTest1" time="41.632" classname="ParallelExecutionTests.ChromeTest1"/>
</testsuite> <!-- TestNG Parallel Chrome Tests in Tests Level -->
